<?xml version="1.0" encoding="UTF-8"?>
<testsuite xmlns:xsi="http://www.w3.org/2001/XMLSchema-instance" xsi:noNamespaceSchemaLocation="https://maven.apache.org/surefire/maven-failsafe-plugin/xsd/failsafe-test-report-3.0.xsd" version="3.0" name="org.renewbuy.runnerClasses.RunnerUI1" time="81.44" tests="1" errors="1" skipped="0" failures="0">
  <properties>
[...]
</properties>
  <testcase name="New Car Insurance Scenario" classname="New Car Insurance functionality from end to end" time="79.741">
    <error message="no such element: Unable to locate element: {&quot;method&quot;:&quot;xpath&quot;,&quot;selector&quot;:&quot;//li[contains(.,&apos;HYUNDAI SANTRO 1.1 LP (1086 cc)(P)&apos;)]&quot;}&#10;  (Session info: chrome=88.0.4324.104)&#10;For documentation on this error, please visit: http://seleniumhq.org/exceptions/no_such_element.html&#10;Build info: version: &apos;3.7.1&apos;, revision: &apos;8a0099a&apos;, time: &apos;2017-11-06T21:01:39.354Z&apos;&#10;System info: host: &apos;PIYUSHVERMA&apos;, ip: &apos;192.168.1.104&apos;, os.name: &apos;Windows 10&apos;, os.arch: &apos;amd64&apos;, os.version: &apos;10.0&apos;, java.version: &apos;11.0.9&apos;&#10;Driver info: org.openqa.selenium.chrome.ChromeDriver&#10;Capabilities {acceptInsecureCerts: false, browserName: chrome, browserVersion: 88.0.4324.104, chrome: {chromedriverVersion: 88.0.4324.96 (68dba2d8a0b14..., userDataDir: C:\Users\PIYUSH~1\AppData\L...}, goog:chromeOptions: {debuggerAddress: localhost:52065}, javascriptEnabled: true, networkConnectionEnabled: false, pageLoadStrategy: normal, platform: WINDOWS, platformName: WINDOWS, proxy: Proxy(), setWindowRect: true, strictFileInteractability: false, timeouts: {implicit: 0, pageLoad: 300000, script: 30000}, unhandledPromptBehavior: dismiss and notify, webauthn:extension:largeBlob: true, webauthn:virtualAuthenticators: true}&#10;Session ID: 2eaca6b6432047b71b953287d503ef65&#10;*** Element info: {Using=xpath, value=//li[contains(.,&apos;HYUNDAI SANTRO 1.1 LP (1086 cc)(P)&apos;)]}" type="org.openqa.selenium.NoSuchElementException">org.openqa.selenium.NoSuchElementException: 
no such element: Unable to locate element: {"method":"xpath","selector":"//li[contains(.,'HYUNDAI SANTRO 1.1 LP (1086 cc)(P)')]"}
  (Session info: chrome=88.0.4324.104)
For documentation on this error, please visit: http://seleniumhq.org/exceptions/no_such_element.html
Build info: version: '3.7.1', revision: '8a0099a', time: '2017-11-06T21:01:39.354Z'
System info: host: 'PIYUSHVERMA', ip: '192.168.1.104', os.name: 'Windows 10', os.arch: 'amd64', os.version: '10.0', java.version: '11.0.9'
Driver info: org.openqa.selenium.chrome.ChromeDriver
Capabilities {acceptInsecureCerts: false, browserName: chrome, browserVersion: 88.0.4324.104, chrome: {chromedriverVersion: 88.0.4324.96 (68dba2d8a0b14..., userDataDir: C:\Users\PIYUSH~1\AppData\L...}, goog:chromeOptions: {debuggerAddress: localhost:52065}, javascriptEnabled: true, networkConnectionEnabled: false, pageLoadStrategy: normal, platform: WINDOWS, platformName: WINDOWS, proxy: Proxy(), setWindowRect: true, strictFileInteractability: false, timeouts: {implicit: 0, pageLoad: 300000, script: 30000}, unhandledPromptBehavior: dismiss and notify, webauthn:extension:largeBlob: true, webauthn:virtualAuthenticators: true}
Session ID: 2eaca6b6432047b71b953287d503ef65
*** Element info: {Using=xpath, value=//li[contains(.,'HYUNDAI SANTRO 1.1 LP (1086 cc)(P)')]}
</error>
    <system-out><![CDATA[
@NewCarInsurance
Scenario: New Car Insurance Scenario                                                                       # src/test/java/org/renewbuy/featureFiles/displayNewCarInsurance1.feature:11
[INFO ] 2021-02-06 00:29:28.920 [main] TestBase - initialising browser setup for test execution
[INFO ] 2021-02-06 00:29:29.031 [main] TestBase - opening chrome browser
[INFO ] 2021-02-06 00:29:29.031 [main] TestBase - chrome browser property set
[INFO ] 2021-02-06 00:29:33.542 [main] TestBase - maximizing the browser window
[INFO ] 2021-02-06 00:29:33.594 [main] TestBase - defined implicit and explicit wait
[INFO ] 2021-02-06 00:29:33.952 [main] BasePage - launching URL from configure file
  Given user open website for "" URL                                                                       # org.renewbuy.stepDefinitions.newCarInsuranceStepDef1.user_open_website_for_URL(java.lang.String)
[INFO ] 2021-02-06 00:29:37.540 [main] HomePage - Heading is taking from feature file and verifying Heading Text is available
  When user can see heading "D2C INSURANCE BROKING PVT. LTD." on Home Page                                 # org.renewbuy.stepDefinitions.newCarInsuranceStepDef1.user_can_see_heading_on_Home_Page(java.lang.String)
[INFO ] 2021-02-06 00:29:41.559 [main] HomePage - verifying renewBuy Logo is available
  Then user can see logo of renewBuy on Home Page                                                          # org.renewbuy.stepDefinitions.newCarInsuranceStepDef1.user_can_see_logo_of_renewBuy_on_Home_Page()
[INFO ] 2021-02-06 00:29:41.821 [main] HomePage - Verifying New Car Insurance link is available
  Then user Hover over Motor Insurance then Hover over Car Insurance then clicks on New Car Insurance      # org.renewbuy.stepDefinitions.newCarInsuranceStepDef1.user_Hover_over_Motor_Insurance_then_Hover_over_Car_Insurance_then_clicks_on_New_Car_Insurance()
[INFO ] 2021-02-06 00:30:04.627 [main] NewCarInsurance - Verifying Heading 'D2C INSURANCE BROKING PVT. LTD.' On New Car Insurance Home Page
  Then user can see heading "D2C INSURANCE BROKING PVT. LTD." on New Car Insurance Page                    # org.renewbuy.stepDefinitions.newCarInsuranceStepDef1.user_can_see_heading_on_New_Car_Insurance_Page(java.lang.String)
  Then user wait for "5" seconds to get Pop Up Msg                                                         # org.renewbuy.stepDefinitions.newCarInsuranceStepDef1.user_wait_for_seconds_to_get_Pop_Up_Msg(int)
[INFO ] 2021-02-06 00:30:09.710 [main] NewCarInsurance - Closing Pop Up Window
  Then user close the POpUp window                                                                         # org.renewbuy.stepDefinitions.newCarInsuranceStepDef1.user_close_the_POpUp_window()
[INFO ] 2021-02-06 00:30:09.800 [main] NewCarInsurance - Vehicle Modal Name is taking from feature file
  Then user enters "hyundai santro" in 'Type Your Vehicle Modal' text field then select complete modalname # org.renewbuy.stepDefinitions.newCarInsuranceStepDef1.user_enters_in_Type_Your_Vehicle_Modal_text_field_then_select_complete_modalname(java.lang.String)
      org.openqa.selenium.NoSuchElementException: no such element: Unable to locate element: {"method":"xpath","selector":"//li[contains(.,'HYUNDAI SANTRO 1.1 LP (1086 cc)(P)')]"}
  (Session info: chrome=88.0.4324.104)
For documentation on this error, please visit: http://seleniumhq.org/exceptions/no_such_element.html
Build info: version: '3.7.1', revision: '8a0099a', time: '2017-11-06T21:01:39.354Z'
System info: host: 'PIYUSHVERMA', ip: '192.168.1.104', os.name: 'Windows 10', os.arch: 'amd64', os.version: '10.0', java.version: '11.0.9'
Driver info: org.openqa.selenium.chrome.ChromeDriver
Capabilities {acceptInsecureCerts: false, browserName: chrome, browserVersion: 88.0.4324.104, chrome: {chromedriverVersion: 88.0.4324.96 (68dba2d8a0b14..., userDataDir: C:\Users\PIYUSH~1\AppData\L...}, goog:chromeOptions: {debuggerAddress: localhost:52065}, javascriptEnabled: true, networkConnectionEnabled: false, pageLoadStrategy: normal, platform: WINDOWS, platformName: WINDOWS, proxy: Proxy(), setWindowRect: true, strictFileInteractability: false, timeouts: {implicit: 0, pageLoad: 300000, script: 30000}, unhandledPromptBehavior: dismiss and notify, webauthn:extension:largeBlob: true, webauthn:virtualAuthenticators: true}
Session ID: 2eaca6b6432047b71b953287d503ef65
*** Element info: {Using=xpath, value=//li[contains(.,'HYUNDAI SANTRO 1.1 LP (1086 cc)(P)')]}
	at java.base/jdk.internal.reflect.NativeConstructorAccessorImpl.newInstance0(Native Method)
	at java.base/jdk.internal.reflect.NativeConstructorAccessorImpl.newInstance(NativeConstructorAccessorImpl.java:62)
	at java.base/jdk.internal.reflect.DelegatingConstructorAccessorImpl.newInstance(DelegatingConstructorAccessorImpl.java:45)
	at java.base/java.lang.reflect.Constructor.newInstance(Constructor.java:490)
	at org.openqa.selenium.remote.http.W3CHttpResponseCodec.createException(W3CHttpResponseCodec.java:187)
	at org.openqa.selenium.remote.http.W3CHttpResponseCodec.decode(W3CHttpResponseCodec.java:122)
	at org.openqa.selenium.remote.http.W3CHttpResponseCodec.decode(W3CHttpResponseCodec.java:49)
	at org.openqa.selenium.remote.HttpCommandExecutor.execute(HttpCommandExecutor.java:164)
	at org.openqa.selenium.remote.service.DriverCommandExecutor.execute(DriverCommandExecutor.java:83)
	at org.openqa.selenium.remote.RemoteWebDriver.execute(RemoteWebDriver.java:600)
	at org.openqa.selenium.remote.RemoteWebDriver.findElement(RemoteWebDriver.java:370)
	at org.openqa.selenium.remote.RemoteWebDriver.findElementByXPath(RemoteWebDriver.java:472)
	at org.openqa.selenium.By$ByXPath.findElement(By.java:361)
	at org.openqa.selenium.remote.RemoteWebDriver.findElement(RemoteWebDriver.java:362)
	at org.openqa.selenium.support.pagefactory.DefaultElementLocator.findElement(DefaultElementLocator.java:69)
	at org.openqa.selenium.support.pagefactory.internal.LocatingElementHandler.invoke(LocatingElementHandler.java:38)
	at com.sun.proxy.$Proxy33.click(Unknown Source)
	at org.renewbuy.pages.NewCarInsurance.enterVehicleModal(NewCarInsurance.java:502)
	at org.renewbuy.stepDefinitions.newCarInsuranceStepDef1.user_enters_in_Type_Your_Vehicle_Modal_text_field_then_select_complete_modalname(newCarInsuranceStepDef1.java:78)
	at ?.user enters "hyundai santro" in 'Type Your Vehicle Modal' text field then select complete modalname(file:///D:/reNewBuyPOMCucumber/src/test/java/org/renewbuy/featureFiles/displayNewCarInsurance1.feature:18)

  Then user select "2019" year as purchasing year                                                          # org.renewbuy.stepDefinitions.newCarInsuranceStepDef1.user_select_year_as_purchasing_year(java.lang.String)
  Then user click on Instant Quote Button                                                                  # org.renewbuy.stepDefinitions.newCarInsuranceStepDef1.user_click_on_Instant_Quote_Button()
  Then user wait for "15" seconds to page get load                                                         # org.renewbuy.stepDefinitions.newCarInsuranceStepDef1.user_wait_for_seconds_to_page_get_load(int)
  Then user changes the Vehicle Modal name as "hyundai fluidic verna"                                      # org.renewbuy.stepDefinitions.newCarInsuranceStepDef1.user_changes_the_Vehicle_Modal_name_as(java.lang.String)
  Then user wait for "10" seconds to page get Vehicle Modal                                                # org.renewbuy.stepDefinitions.newCarInsuranceStepDef1.user_wait_for_seconds_to_page_get_Vehicle_Modal(int)
  Then user changes the Registered RTO as "up13"                                                           # org.renewbuy.stepDefinitions.newCarInsuranceStepDef1.user_changes_the_Registered_RTO_as(java.lang.String)
  Then user wait for "10" seconds to page get Registered RTO                                               # org.renewbuy.stepDefinitions.newCarInsuranceStepDef1.user_wait_for_seconds_to_page_get_Registered_RTO(int)
  Then user Updates the Purchasing Date as "10" Month as "Jan" Year as "2019"                              # org.renewbuy.stepDefinitions.newCarInsuranceStepDef1.user_Updates_the_Purchasing_Date_as_Month_as_Year_as(java.lang.String,java.lang.String,java.lang.String)
  Then user wait for "10" seconds to page get Purchasing date                                              # org.renewbuy.stepDefinitions.newCarInsuranceStepDef1.user_wait_for_seconds_to_page_get_Purchasing_date(int)
[INFO ] 2021-02-06 00:30:45.345 [main] BasePage - stop the execution and closing the browser
]]></system-out>
    <system-err><![CDATA[Starting ChromeDriver 88.0.4324.96 (68dba2d8a0b149a1d3afac56fa74648032bcf46b-refs/branch-heads/4324@{#1784}) on port 47221
Only local connections are allowed.
Please see https://chromedriver.chromium.org/security-considerations for suggestions on keeping ChromeDriver safe.
ChromeDriver was started successfully.
Feb 06, 2021 12:29:33 AM org.openqa.selenium.remote.ProtocolHandshake createSession
INFO: Detected dialect: W3C
]]></system-err>
  </testcase>
</testsuite>